2024-11-25T12:55:55.094697Z 0 [Warning] [MY-010097] [Server] Insecure configuration for --secure-file-priv: Current value does not restrict location of generated files. Consider setting it to a valid, non-empty path.
2024-11-25T12:55:55.094763Z 0 [Warning] [MY-010918] [Server] 'default_authentication_plugin' is deprecated and will be removed in a future release. Please use authentication_policy instead.
2024-11-25T12:55:55.094804Z 0 [System] [MY-010116] [Server] C:\laragon\bin\mysql\mysql-8.0.30-winx64\bin\mysqld (mysqld 8.0.30) starting as process 724
2024-11-25T12:55:55.129437Z 1 [System] [MY-013576] [InnoDB] InnoDB initialization has started.
2024-11-25T12:55:55.654018Z 1 [System] [MY-013577] [InnoDB] InnoDB initialization has ended.
2024-11-25T12:55:56.134467Z 0 [Warning] [MY-013829] [Server] Missing data directory for ICU regular expressions: C:\laragon\bin\mysql\mysql-8.0.30-winx64\lib\private\.
2024-11-25T12:55:56.150719Z 0 [Warning] [MY-010068] [Server] CA certificate ca.pem is self signed.
2024-11-25T12:55:56.153597Z 0 [System] [MY-013602] [Server] Channel mysql_main configured to support TLS. Encrypted connections are now supported for this channel.
2024-11-25T12:55:56.215194Z 0 [System] [MY-011323] [Server] X Plugin ready for connections. Bind-address: '::' port: 33060
2024-11-25T12:55:56.215276Z 0 [System] [MY-010931] [Server] C:\laragon\bin\mysql\mysql-8.0.30-winx64\bin\mysqld: ready for connections. Version: '8.0.30'  socket: ''  port: 3306  MySQL Community Server - GPL.
2024-11-26T07:07:35.461342Z 0 [Warning] [MY-010097] [Server] Insecure configuration for --secure-file-priv: Current value does not restrict location of generated files. Consider setting it to a valid, non-empty path.
2024-11-26T07:07:35.462909Z 0 [Warning] [MY-010918] [Server] 'default_authentication_plugin' is deprecated and will be removed in a future release. Please use authentication_policy instead.
2024-11-26T07:07:35.462975Z 0 [System] [MY-010116] [Server] C:\laragon\bin\mysql\mysql-8.0.30-winx64\bin\mysqld (mysqld 8.0.30) starting as process 6916
2024-11-26T07:07:35.581456Z 1 [System] [MY-013576] [InnoDB] InnoDB initialization has started.
2024-11-26T07:07:36.413292Z 1 [System] [MY-013577] [InnoDB] InnoDB initialization has ended.
2024-11-26T07:07:36.796403Z 0 [System] [MY-010229] [Server] Starting XA crash recovery...
2024-11-26T07:07:36.803143Z 0 [System] [MY-010232] [Server] XA crash recovery finished.
2024-11-26T07:07:36.850752Z 0 [Warning] [MY-013829] [Server] Missing data directory for ICU regular expressions: C:\laragon\bin\mysql\mysql-8.0.30-winx64\lib\private\.
2024-11-26T07:07:36.911839Z 0 [Warning] [MY-010068] [Server] CA certificate ca.pem is self signed.
2024-11-26T07:07:36.912579Z 0 [System] [MY-013602] [Server] Channel mysql_main configured to support TLS. Encrypted connections are now supported for this channel.
2024-11-26T07:07:36.971692Z 0 [System] [MY-011323] [Server] X Plugin ready for connections. Bind-address: '::' port: 33060
2024-11-26T07:07:36.971824Z 0 [System] [MY-010931] [Server] C:\laragon\bin\mysql\mysql-8.0.30-winx64\bin\mysqld: ready for connections. Version: '8.0.30'  socket: ''  port: 3306  MySQL Community Server - GPL.
